<?xml version="1.0" encoding="UTF-8"?>
<testng-results ignored="0" total="4" passed="4" failed="0" skipped="0">
  <reporter-output>
  </reporter-output>
  <suite started-at="2023-04-25T19:49:22 EDT" name="Default suite" finished-at="2023-04-25T19:49:22 EDT" duration-ms="45">
    <groups>
    </groups>
    <test started-at="2023-04-25T19:49:22 EDT" name="Default test" finished-at="2023-04-25T19:49:22 EDT" duration-ms="45">
      <class name="learningTestng.NewTest">
        <test-method signature="f()[pri:0, instance:learningTestng.NewTest@37654521]" started-at="2023-04-25T19:49:22 EDT" name="f" finished-at="2023-04-25T19:49:22 EDT" duration-ms="6" status="PASS">
          <reporter-output>
          </reporter-output>
        </test-method> <!-- f -->
      </class> <!-- learningTestng.NewTest -->
      <class name="learningTestng.testng">
        <test-method signature="anbu()[pri:0, instance:learningTestng.testng@429bffaa]" started-at="2023-04-25T19:49:22 EDT" name="anbu" finished-at="2023-04-25T19:49:22 EDT" duration-ms="2" status="PASS">
          <reporter-output>
          </reporter-output>
        </test-method> <!-- anbu -->
        <test-method signature="method1()[pri:1, instance:learningTestng.testng@429bffaa]" started-at="2023-04-25T19:49:22 EDT" name="method1" finished-at="2023-04-25T19:49:22 EDT" duration-ms="1" status="PASS">
          <reporter-output>
          </reporter-output>
        </test-method> <!-- method1 -->
      </class> <!-- learningTestng.testng -->
      <class name="learningTestng.Annotationtest">
        <test-method is-config="true" signature="beforeSuite()[pri:0, instance:learningTestng.Annotationtest@48f278eb]" started-at="2023-04-25T19:49:22 EDT" name="beforeSuite" finished-at="2023-04-25T19:49:22 EDT" duration-ms="7" status="PASS">
          <reporter-output>
          </reporter-output>
        </test-method> <!-- beforeSuite -->
        <test-method is-config="true" signature="beforeTest()[pri:0, instance:learningTestng.Annotationtest@48f278eb]" started-at="2023-04-25T19:49:22 EDT" name="beforeTest" finished-at="2023-04-25T19:49:22 EDT" duration-ms="0" status="PASS">
          <reporter-output>
          </reporter-output>
        </test-method> <!-- beforeTest -->
        <test-method is-config="true" signature="beforeClass()[pri:0, instance:learningTestng.Annotationtest@48f278eb]" started-at="2023-04-25T19:49:22 EDT" name="beforeClass" finished-at="2023-04-25T19:49:22 EDT" duration-ms="1" status="PASS">
          <reporter-output>
          </reporter-output>
        </test-method> <!-- beforeClass -->
        <test-method is-config="true" signature="beforeMethod()[pri:0, instance:learningTestng.Annotationtest@48f278eb]" started-at="2023-04-25T19:49:22 EDT" name="beforeMethod" finished-at="2023-04-25T19:49:22 EDT" duration-ms="0" status="PASS">
          <reporter-output>
          </reporter-output>
        </test-method> <!-- beforeMethod -->
        <test-method signature="f()[pri:0, instance:learningTestng.Annotationtest@48f278eb]" started-at="2023-04-25T19:49:22 EDT" name="f" finished-at="2023-04-25T19:49:22 EDT" duration-ms="1" status="PASS">
          <reporter-output>
          </reporter-output>
        </test-method> <!-- f -->
        <test-method is-config="true" signature="afterMethod()[pri:0, instance:learningTestng.Annotationtest@48f278eb]" started-at="2023-04-25T19:49:22 EDT" name="afterMethod" finished-at="2023-04-25T19:49:22 EDT" duration-ms="0" status="PASS">
          <reporter-output>
          </reporter-output>
        </test-method> <!-- afterMethod -->
        <test-method is-config="true" signature="afterClass()[pri:0, instance:learningTestng.Annotationtest@48f278eb]" started-at="2023-04-25T19:49:22 EDT" name="afterClass" finished-at="2023-04-25T19:49:22 EDT" duration-ms="1" status="PASS">
          <reporter-output>
          </reporter-output>
        </test-method> <!-- afterClass -->
        <test-method is-config="true" signature="afterTest()[pri:0, instance:learningTestng.Annotationtest@48f278eb]" started-at="2023-04-25T19:49:22 EDT" name="afterTest" finished-at="2023-04-25T19:49:22 EDT" duration-ms="0" status="PASS">
          <reporter-output>
          </reporter-output>
        </test-method> <!-- afterTest -->
        <test-method is-config="true" signature="afterSuite()[pri:0, instance:learningTestng.Annotationtest@48f278eb]" started-at="2023-04-25T19:49:22 EDT" name="afterSuite" finished-at="2023-04-25T19:49:22 EDT" duration-ms="1" status="PASS">
          <reporter-output>
          </reporter-output>
        </test-method> <!-- afterSuite -->
      </class> <!-- learningTestng.Annotationtest -->
    </test> <!-- Default test -->
  </suite> <!-- Default suite -->
</testng-results>
