<?xml version="1.0" encoding="UTF-8"?>
<!-- Generated by org.testng.reporters.JUnitXMLReporter -->
<testsuite ignored="0" hostname="Soundarya" failures="0" tests="4" name="Default test" time="0.045" errors="0" timestamp="2023-04-25T19:49:22 EDT">
  <testcase classname="learningTestng.NewTest" name="f" time="0.006"/>
  <testcase classname="learningTestng.testng" name="anbu" time="0.002"/>
  <testcase classname="learningTestng.testng" name="method1" time="0.001"/>
  <testcase classname="learningTestng.Annotationtest" name="f" time="0.001"/>
</testsuite> <!-- Default test -->
